# JRE version: Java(TM) SE Runtime Environment (17.0.4+11) (build 17.0.4+11-LTS-179)
# Java VM: Java HotSpot(TM) 64-Bit Server VM (17.0.4+11-LTS-179, mixed mode, emulated-client, sharing, tiered, compressed oops, compressed class ptrs, g1 gc, windows-amd64)
GC Precious Log:
 CPUs: 4 total, 4 available
 Memory: 3539M
 Large Page Support: Disabled
 NUMA Support: Disabled
 Compressed Oops: Enabled (32-bit)
 Heap Region Size: 1M
 Heap Min Capacity: 8M
 Heap Initial Capacity: 56M
 Heap Max Capacity: 886M
 Pre-touch: Disabled
 Parallel Workers: 4
 Concurrent Workers: 1
 Concurrent Refinement Workers: 4
 Periodic GC: Disabled
Heap:
 garbage-first heap   total 75776K, used 48315K [0x00000000c8a00000, 0x0000000100000000)
  region size 1024K, 24 young (24576K), 3 survivors (3072K)
 Metaspace       used 46858K, committed 47360K, reserved 1089536K
  class space    used 6784K, committed 7040K, reserved 1048576K
GC Heap History (20 events):
Event: 21.870 GC heap before
{Heap before GC invocations=4 (full 0):
 garbage-first heap   total 57344K, used 37628K [0x00000000c8a00000, 0x0000000100000000)
  region size 1024K, 32 young (32768K), 3 survivors (3072K)
 Metaspace       used 19872K, committed 20160K, reserved 1073152K
  class space    used 2751K, committed 2880K, reserved 1048576K
}
Event: 21.880 GC heap after
{Heap after GC invocations=5 (full 0):
 garbage-first heap   total 57344K, used 11761K [0x00000000c8a00000, 0x0000000100000000)
  region size 1024K, 4 young (4096K), 4 survivors (4096K)
 Metaspace       used 19872K, committed 20160K, reserved 1073152K
  class space    used 2751K, committed 2880K, reserved 1048576K
}
Event: 23.060 GC heap before
{Heap before GC invocations=5 (full 0):
 garbage-first heap   total 57344K, used 27121K [0x00000000c8a00000, 0x0000000100000000)
  region size 1024K, 20 young (20480K), 4 survivors (4096K)
 Metaspace       used 21226K, committed 21504K, reserved 1073152K
  class space    used 2920K, committed 3072K, reserved 1048576K
}
Event: 23.103 GC heap after
{Heap after GC invocations=6 (full 0):
 garbage-first heap   total 57344K, used 13734K [0x00000000c8a00000, 0x0000000100000000)
  region size 1024K, 2 young (2048K), 2 survivors (2048K)
 Metaspace       used 21226K, committed 21504K, reserved 1073152K
  class space    used 2920K, committed 3072K, reserved 1048576K
}
Event: 24.451 GC heap before
{Heap before GC invocations=7 (full 0):
 garbage-first heap   total 51200K, used 37286K [0x00000000c8a00000, 0x0000000100000000)
  region size 1024K, 25 young (25600K), 2 survivors (2048K)
 Metaspace       used 22884K, committed 23232K, reserved 1073152K
  class space    used 3169K, committed 3328K, reserved 1048576K
}
Event: 24.460 GC heap after
{Heap after GC invocations=8 (full 0):
 garbage-first heap   total 51200K, used 15420K [0x00000000c8a00000, 0x0000000100000000)
  region size 1024K, 4 young (4096K), 4 survivors (4096K)
 Metaspace       used 22884K, committed 23232K, reserved 1073152K
  class space    used 3169K, committed 3328K, reserved 1048576K
}
Event: 25.260 GC heap before
{Heap before GC invocations=8 (full 0):
 garbage-first heap   total 51200K, used 33852K [0x00000000c8a00000, 0x0000000100000000)
  region size 1024K, 23 young (23552K), 4 survivors (4096K)
 Metaspace       used 24871K, committed 25152K, reserved 1073152K
  class space    used 3456K, committed 3584K, reserved 1048576K
}
Event: 25.272 GC heap after
{Heap after GC invocations=9 (full 0):
 garbage-first heap   total 51200K, used 16976K [0x00000000c8a00000, 0x0000000100000000)
  region size 1024K, 2 young (2048K), 2 survivors (2048K)
 Metaspace       used 24871K, committed 25152K, reserved 1073152K
  class space    used 3456K, committed 3584K, reserved 1048576K
}
Event: 26.147 GC heap before
{Heap before GC invocations=9 (full 0):
 garbage-first heap   total 51200K, used 35408K [0x00000000c8a00000, 0x0000000100000000)
  region size 1024K, 21 young (21504K), 2 survivors (2048K)
 Metaspace       used 28012K, committed 28352K, reserved 1073152K
  class space    used 3921K, committed 4096K, reserved 1048576K
}
Event: 26.157 GC heap after
{Heap after GC invocations=10 (full 0):
 garbage-first heap   total 75776K, used 18224K [0x00000000c8a00000, 0x0000000100000000)
  region size 1024K, 3 young (3072K), 3 survivors (3072K)
 Metaspace       used 28012K, committed 28352K, reserved 1073152K
  class space    used 3921K, committed 4096K, reserved 1048576K
}
Event: 28.179 GC heap before
{Heap before GC invocations=10 (full 0):
 garbage-first heap   total 75776K, used 54064K [0x00000000c8a00000, 0x0000000100000000)
  region size 1024K, 38 young (38912K), 3 survivors (3072K)
 Metaspace       used 34051K, committed 34496K, reserved 1081344K
  class space    used 4817K, committed 4992K, reserved 1048576K
}
Event: 28.200 GC heap after
{Heap after GC invocations=11 (full 0):
 garbage-first heap   total 75776K, used 20803K [0x00000000c8a00000, 0x0000000100000000)
  region size 1024K, 5 young (5120K), 5 survivors (5120K)
 Metaspace       used 34051K, committed 34496K, reserved 1081344K
  class space    used 4817K, committed 4992K, reserved 1048576K
}
Event: 29.599 GC heap before
{Heap before GC invocations=11 (full 0):
 garbage-first heap   total 75776K, used 28995K [0x00000000c8a00000, 0x0000000100000000)
  region size 1024K, 14 young (14336K), 5 survivors (5120K)
 Metaspace       used 35542K, committed 35968K, reserved 1081344K
  class space    used 5095K, committed 5312K, reserved 1048576K
}
Event: 29.608 GC heap after
{Heap after GC invocations=12 (full 0):
 garbage-first heap   total 75776K, used 21937K [0x00000000c8a00000, 0x0000000100000000)
  region size 1024K, 2 young (2048K), 2 survivors (2048K)
 Metaspace       used 35542K, committed 35968K, reserved 1081344K
  class space    used 5095K, committed 5312K, reserved 1048576K
}
Event: 32.587 GC heap before
{Heap before GC invocations=13 (full 0):
 garbage-first heap   total 75776K, used 55729K [0x00000000c8a00000, 0x0000000100000000)
  region size 1024K, 35 young (35840K), 2 survivors (2048K)
 Metaspace       used 37849K, committed 38336K, reserved 1089536K
  class space    used 5459K, committed 5696K, reserved 1048576K
}
Event: 32.595 GC heap after
{Heap after GC invocations=14 (full 0):
 garbage-first heap   total 75776K, used 23610K [0x00000000c8a00000, 0x0000000100000000)
  region size 1024K, 3 young (3072K), 3 survivors (3072K)
 Metaspace       used 37849K, committed 38336K, reserved 1089536K
  class space    used 5459K, committed 5696K, reserved 1048576K
}
Event: 34.554 GC heap before
{Heap before GC invocations=14 (full 0):
 garbage-first heap   total 75776K, used 57402K [0x00000000c8a00000, 0x0000000100000000)
  region size 1024K, 36 young (36864K), 3 survivors (3072K)
 Metaspace       used 41226K, committed 41728K, reserved 1089536K
  class space    used 5935K, committed 6144K, reserved 1048576K
}
Event: 34.565 GC heap after
{Heap after GC invocations=15 (full 0):
 garbage-first heap   total 75776K, used 26656K [0x00000000c8a00000, 0x0000000100000000)
  region size 1024K, 5 young (5120K), 5 survivors (5120K)
 Metaspace       used 41226K, committed 41728K, reserved 1089536K
  class space    used 5935K, committed 6144K, reserved 1048576K
}
Event: 35.956 GC heap before
{Heap before GC invocations=15 (full 0):
 garbage-first heap   total 75776K, used 57376K [0x00000000c8a00000, 0x0000000100000000)
  region size 1024K, 35 young (35840K), 5 survivors (5120K)
 Metaspace       used 43871K, committed 44352K, reserved 1089536K
  class space    used 6342K, committed 6592K, reserved 1048576K
}
Event: 35.984 GC heap after
{Heap after GC invocations=16 (full 0):
 garbage-first heap   total 75776K, used 28859K [0x00000000c8a00000, 0x0000000100000000)
  region size 1024K, 3 young (3072K), 3 survivors (3072K)
 Metaspace       used 43871K, committed 44352K, reserved 1089536K
  class space    used 6342K, committed 6592K, reserved 1048576K
}

