# JRE version: Java(TM) SE Runtime Environment (17.0.4+11) (build 17.0.4+11-LTS-179)
# Java VM: Java HotSpot(TM) 64-Bit Server VM (17.0.4+11-LTS-179, mixed mode, sharing, tiered, compressed oops, compressed class ptrs, g1 gc, windows-amd64)
GC Precious Log:
 CPUs: 4 total, 4 available
 Memory: 3539M
 Large Page Support: Disabled
 NUMA Support: Disabled
 Compressed Oops: Enabled (32-bit)
 Heap Region Size: 1M
 Heap Min Capacity: 8M
 Heap Initial Capacity: 56M
 Heap Max Capacity: 512M
 Pre-touch: Disabled
 Parallel Workers: 4
 Concurrent Workers: 1
 Concurrent Refinement Workers: 4
 Periodic GC: Disabled
Heap:
 garbage-first heap   total 57344K, used 18298K [0x00000000e0000000, 0x0000000100000000)
  region size 1024K, 13 young (13312K), 3 survivors (3072K)
 Metaspace       used 11636K, committed 11904K, reserved 1064960K
  class space    used 1538K, committed 1664K, reserved 1048576K
GC Heap History (6 events):
Event: 2.082 GC heap before
{Heap before GC invocations=0 (full 0):
 garbage-first heap   total 57344K, used 12288K [0x00000000e0000000, 0x0000000100000000)
  region size 1024K, 13 young (13312K), 0 survivors (0K)
 Metaspace       used 3418K, committed 3584K, reserved 1056768K
  class space    used 406K, committed 512K, reserved 1048576K
}
Event: 2.101 GC heap after
{Heap after GC invocations=1 (full 0):
 garbage-first heap   total 57344K, used 6512K [0x00000000e0000000, 0x0000000100000000)
  region size 1024K, 2 young (2048K), 2 survivors (2048K)
 Metaspace       used 3418K, committed 3584K, reserved 1056768K
  class space    used 406K, committed 512K, reserved 1048576K
}
Event: 3.393 GC heap before
{Heap before GC invocations=1 (full 0):
 garbage-first heap   total 57344K, used 11632K [0x00000000e0000000, 0x0000000100000000)
  region size 1024K, 8 young (8192K), 2 survivors (2048K)
 Metaspace       used 5650K, committed 5888K, reserved 1056768K
  class space    used 709K, committed 832K, reserved 1048576K
}
Event: 3.396 GC heap after
{Heap after GC invocations=2 (full 0):
 garbage-first heap   total 57344K, used 7926K [0x00000000e0000000, 0x0000000100000000)
  region size 1024K, 1 young (1024K), 1 survivors (1024K)
 Metaspace       used 5650K, committed 5888K, reserved 1056768K
  class space    used 709K, committed 832K, reserved 1048576K
}
Event: 5.224 GC heap before
{Heap before GC invocations=2 (full 0):
 garbage-first heap   total 57344K, used 24310K [0x00000000e0000000, 0x0000000100000000)
  region size 1024K, 17 young (17408K), 1 survivors (1024K)
 Metaspace       used 9399K, committed 9664K, reserved 1064960K
  class space    used 1269K, committed 1408K, reserved 1048576K
}
Event: 5.228 GC heap after
{Heap after GC invocations=3 (full 0):
 garbage-first heap   total 57344K, used 9082K [0x00000000e0000000, 0x0000000100000000)
  region size 1024K, 3 young (3072K), 3 survivors (3072K)
 Metaspace       used 9399K, committed 9664K, reserved 1064960K
  class space    used 1269K, committed 1408K, reserved 1048576K
}

